App has started
App has started
App restarted due to:  [ 'c:\\Users\\alter\\www\\badrams.ru\\app.js' ]
App has started
App restarted due to:  [ 'c:\\Users\\alter\\www\\badrams.ru\\app.js' ]
App has started
App restarted due to:  [ 'c:\\Users\\alter\\www\\badrams.ru\\app.js' ]
App has started
App restarted due to:  [ 'c:\\Users\\alter\\www\\badrams.ru\\app.js' ]
App has started
Server start at port:80
App restarted due to:  [
  'c:\\Users\\alter\\www\\badrams.ru\\src\\js\\node-windows\\start.js'
]
App has started
Server start at port:80
App restarted due to:  [
  'c:\\Users\\alter\\www\\badrams.ru\\src\\js\\node-windows\\start.js'
]
App has started
Server start at port:80
App restarted due to:  [
  'c:\\Users\\alter\\www\\badrams.ru\\src\\js\\node-windows\\start.js'
]
App has started
Server start at port:80
App restarted due to:  [ 'c:\\Users\\alter\\www\\badrams.ru\\src\\js\\node-windows\\stop.js' ]
App has started
Server start at port:80
App restarted due to:  [ 'c:\\Users\\alter\\www\\badrams.ru\\app.js' ]
App has started
Server start at port:80
App restarted due to:  [ 'c:\\Users\\alter\\www\\badrams.ru\\app.js' ]
App has started
Server start at port:80
App restarted due to:  [ 'c:\\Users\\alter\\www\\badrams.ru\\app.js' ]
App has started
Server start at port:80
